<?xml version="1.0" encoding="UTF-8"?>
<!-- Generated by org.testng.reporters.JUnitReportReporter -->
<testsuite hostname="DESKTOP-1CVLIIA" failures="0" tests="2" name="HomePage" time="32.710" errors="0" timestamp="2022-08-27T01:17:58 EEST" skipped="0">
  <testcase classname="HomePage" name="homeButtonWhenNotLoggedIn" time="25.759"/>
  <system-out/>
  <testcase classname="HomePage" name="homeButtonWhenLoggedIn" time="6.951"/>
  <system-out/>
</testsuite> <!-- HomePage -->
