<?xml version="1.0" encoding="UTF-8"?>
<!-- Generated by org.testng.reporters.JUnitReportReporter -->
<testsuite hostname="DESKTOP-1CVLIIA" failures="0" tests="4" name="loginTest" time="93.300" errors="0" timestamp="2022-08-27T01:17:58 EEST" skipped="0">
  <testcase classname="loginTest" name="loginValidSteps" time="64.317"/>
  <system-out/>
  <testcase classname="loginTest" name="loginInvalidSteps" time="26.368"/>
  <system-out/>
  <testcase classname="loginTest" name="loginValidSteps" time="1.264"/>
  <system-out/>
  <testcase classname="loginTest" name="loginInvalidSteps" time="1.351"/>
  <system-out/>
</testsuite> <!-- loginTest -->
